Date/Time:       2026-01-19 15:41:20 
Command line:    C:\Users\Lenovo\anaconda3\Lib\site-packages\briefcase\__main__.py create --no-input

OS Release:      Windows 10
OS Version:      10.0.19045
Architecture:    AMD64
Platform:        Windows-10-10.0.19045-SP0

Python exe:      C:\Users\Lenovo\anaconda3\python.exe
Python version:  3.13.9 | packaged by Anaconda, Inc. | (main, Oct 21 2025, 19:09:58) [MSC v.1929 64 bit (AMD64)]
Virtual env:     False
Conda env:       True

Briefcase:       0.3.26
Target platform: windows
Target format:   app

Environment Variables:
	ALLUSERSPROFILE=C:\ProgramData
	ANTIGRAVITY_EDITOR_APP_ROOT=c:\Users\Lenovo\AppData\Local\Programs\Antigravity\resources\app
	APPDATA=C:\Users\Lenovo\AppData\Roaming
	CHROME_CRASHPAD_PIPE_NAME=\\.\pipe\crashpad_1032_AXFICBKBSSBNCMSZ
	COMMONPROGRAMFILES=C:\Program Files\Common Files
	COMMONPROGRAMFILES(X86)=C:\Program Files (x86)\Common Files
	COMMONPROGRAMW6432=C:\Program Files\Common Files
	COMPUTERNAME=DESKTOP-MGGP39C
	COMSPEC=C:\Windows\system32\cmd.exe
	DRIVERDATA=C:\Windows\System32\Drivers\DriverData
	ELECTRON_RUN_AS_NODE=1
	HOMEDRIVE=C:
	HOMEPATH=\Users\Lenovo
	LOCALAPPDATA=C:\Users\Lenovo\AppData\Local
	LOGONSERVER=\\DESKTOP-MGGP39C
	NO_PROXY=*.azureedge.net
	NUMBER_OF_PROCESSORS=4
	ONEDRIVE=C:\Users\Lenovo\OneDrive
	ORIGINAL_XDG_CURRENT_DESKTOP=undefined
	OS=Windows_NT
	PATH=C:\Windows\system32;C:\Windows;C:\Windows\System32\Wbem;C:\Windows\System32\WindowsPowerShell\v1.0\;C:\Windows\System32\OpenSSH\;C:\Program Files\dotnet\;C:\Users\Lenovo\AppData\Local\Microsoft\WindowsApps;C:\Users\Lenovo\AppData\Local\Muse Hub\lib;C:\Users\Lenovo\AppData\Local\Programs\Antigravity\bin
	PATHEXT=.COM;.EXE;.BAT;.CMD;.VBS;.VBE;.JS;.JSE;.WSF;.WSH;.MSC;.CPL
	PROCESSOR_ARCHITECTURE=AMD64
	PROCESSOR_IDENTIFIER=Intel64 Family 6 Model 61 Stepping 4, GenuineIntel
	PROCESSOR_LEVEL=6
	PROCESSOR_REVISION=3d04
	PROGRAMDATA=C:\ProgramData
	PROGRAMFILES=C:\Program Files
	PROGRAMFILES(X86)=C:\Program Files (x86)
	PROGRAMW6432=C:\Program Files
	PSMODULEPATH=C:\Users\Lenovo\Documents\WindowsPowerShell\Modules;C:\Program Files\WindowsPowerShell\Modules;C:\Windows\system32\WindowsPowerShell\v1.0\Modules
	PUBLIC=C:\Users\Public
	SESSIONNAME=Console
	SYSTEMDRIVE=C:
	SYSTEMROOT=C:\Windows
	TEMP=C:\Users\Lenovo\AppData\Local\Temp
	TMP=C:\Users\Lenovo\AppData\Local\Temp
	USERDOMAIN=DESKTOP-MGGP39C
	USERDOMAIN_ROAMINGPROFILE=DESKTOP-MGGP39C
	USERNAME=Lenovo
	USERPROFILE=C:\Users\Lenovo
	VSCODE_CODE_CACHE_PATH=C:\Users\Lenovo\AppData\Roaming\Antigravity\CachedData\450b6b28083d737992adc5d19637f22c95ffba7b
	VSCODE_CRASH_REPORTER_PROCESS_TYPE=extensionHost
	VSCODE_CWD=C:\Users\Lenovo\AppData\Local\Programs\Antigravity
	VSCODE_ESM_ENTRYPOINT=vs/workbench/api/node/extensionHostProcess
	VSCODE_HANDLES_UNCAUGHT_ERRORS=true
	VSCODE_IPC_HOOK=\\.\pipe\889d90e2-1.104.0-main-sock
	VSCODE_NLS_CONFIG={"userLocale":"en-us","osLocale":"en-us","resolvedLanguage":"en","defaultMessagesFile":"C:\\Users\\Lenovo\\AppData\\Local\\Programs\\Antigravity\\resources\\app\\out\\nls.messages.json","locale":"en-us","availableLanguages":{}}
	VSCODE_PID=1032
	WINDIR=C:\Windows

pyproject.toml:
[tool.briefcase]
project_name = "Sattva Sound Pharmacy"
bundle = "com.sattva.sound"
version = "0.1"
url = "https://sattva.local"
license = "Proprietary"
author = "Sattva Architect"
author_email = "architect@sattva.local"

[tool.briefcase.app.sattva_sound]
formal_name = "Sattva Sound Pharmacy"
description = "Native application for ADHD sound therapy."
long_description = "A self-contained native application generating Solfeggio frequencies and Binaural beats for focus and symptom relief."
sources = ["src/sattva_sound"]
test_sources = ["tests"]

requires = [
    "toga",
    "sounddevice",
    "numpy", 
]

[tool.briefcase.app.sattva_sound.windows]
requires = [
    "toga",
    "sounddevice",
    "numpy",
]

[tool.briefcase.app.sattva_sound.linux]
requires = [
    "toga",
    "sounddevice",
    "numpy",
]

[tool.briefcase.app.sattva_sound.macOS]
requires = [
    "toga",
    "sounddevice",
    "numpy",
]

[tool.briefcase.app.sattva_sound.android]
requires = [
    "toga",
    "chaquopy-numpy", 
    # sounddevice on Android is tricky; normally needs a specific build or different lib.
    # For now, we list it, but it might fail without a recipe. 
    # We will focus on Windows first as requested.
]

[tool.briefcase.app.sattva_sound.iOS]
requires = [
    "toga",
    "std-nslog",
]

Briefcase Log:
[15:41:19]                                                                                                                                                             config.py:792
           *************************************************************************                                                                                   config.py:792
           ** WARNING: License Definition for the Project is Deprecated           **                                                                                   config.py:792
           *************************************************************************                                                                                   config.py:792
                                                                                                                                                                       config.py:792
               Briefcase now uses PEP 621 format for license definitions.                                                                                              config.py:792
                                                                                                                                                                       config.py:792
               Previously, the name of the license was assigned to the 'license'                                                                                       config.py:792
               field in pyproject.toml. For PEP 621, the name of the license is                                                                                        config.py:792
               assigned to 'license.text' or the name of the file containing the                                                                                       config.py:792
               license is assigned to 'license.file'.                                                                                                                  config.py:792
                                                                                                                                                                       config.py:792
               The current configuration for the Project has a 'license' field                                                                                         config.py:792
               that is specified as a string:                                                                                                                          config.py:792
                                                                                                                                                                       config.py:792
                   license = "Proprietary"                                                                                                                             config.py:792
                                                                                                                                                                       config.py:792
               To use the PEP 621 format (and to remove this warning), specify that                                                                                    config.py:792
               the LICENSE file contains the license for the Project:                                                                                                  config.py:792
                                                                                                                                                                       config.py:792
                   license.file = "LICENSE"                                                                                                                            config.py:792
                                                                                                                                                                       config.py:792
           *************************************************************************                                                                                   config.py:792
                                                                                                                                                                      __main__.py:42
           Briefcase requires git, but it is not installed (or is not on your PATH). Visit:                                                                           __main__.py:43
                                                                                                                                                                      __main__.py:43
               https://git-scm.com/                                                                                                                                   __main__.py:43
                                                                                                                                                                      __main__.py:43
           to download and install git manually.                                                                                                                      __main__.py:43
                                                                                                                                                                      __main__.py:43
           If you have installed git recently and are still getting this error, you may                                                                               __main__.py:43
           need to restart your terminal session.                                                                                                                     __main__.py:43
           Saving log... started                                                                                                                                      console.py:443

Main thread traceback:
┌─────────────────────────────────────────────────────────────────────── Traceback (most recent call last) ────────────────────────────────────────────────────────────────────────┐
│ C:\Users\Lenovo\anaconda3\Lib\site-packages\git\__init__.py:296 in <module>                                                                                                      │
│                                                                                                                                                                                  │
│   293                                                                                                                                                                            │
│   294                                                                                                                                                                            │
│   295 try:                                                                                                                                                                       │
│ > 296 │   refresh()                                                                                                                                                              │
│   297 except Exception as _exc:                                                                                                                                                  │
│   298 │   raise ImportError("Failed to initialize: {0}".format(_exc)) from _exc                                                                                                  │
│   299                                                                                                                                                                            │
│                                                                                                                                                                                  │
│ ┌───────────────────────────────────────────────────────── locals ──────────────────────────────────────────────────────────┐                                                    │
│ │           cmd = <module 'git.cmd' from 'C:\\Users\\Lenovo\\anaconda3\\Lib\\site-packages\\git\\cmd.py'>                   │                                                    │
│ │        compat = <module 'git.compat' from 'C:\\Users\\Lenovo\\anaconda3\\Lib\\site-packages\\git\\compat.py'>             │                                                    │
│ │        config = <module 'git.config' from 'C:\\Users\\Lenovo\\anaconda3\\Lib\\site-packages\\git\\config.py'>             │                                                    │
│ │            db = <module 'git.db' from 'C:\\Users\\Lenovo\\anaconda3\\Lib\\site-packages\\git\\db.py'>                     │                                                    │
│ │          diff = <module 'git.diff' from 'C:\\Users\\Lenovo\\anaconda3\\Lib\\site-packages\\git\\diff.py'>                 │                                                    │
│ │           exc = <module 'git.exc' from 'C:\\Users\\Lenovo\\anaconda3\\Lib\\site-packages\\git\\exc.py'>                   │                                                    │
│ │        GIT_OK = False                                                                                                     │                                                    │
│ │         INDEX = <DiffConstants.INDEX: 2>                                                                                  │                                                    │
│ │         index = <module 'git.index' from 'C:\\Users\\Lenovo\\anaconda3\\Lib\\site-packages\\git\\index\\__init__.py'>     │                                                    │
│ │          List = typing.List                                                                                               │                                                    │
│ │     NULL_TREE = <DiffConstants.NULL_TREE: 1>                                                                              │                                                    │
│ │       objects = <module 'git.objects' from 'C:\\Users\\Lenovo\\anaconda3\\Lib\\site-packages\\git\\objects\\__init__.py'> │                                                    │
│ │      Optional = typing.Optional                                                                                           │                                                    │
│ │      PathLike = typing.Union[str, ForwardRef('os.PathLike[str]')]                                                         │                                                    │
│ │          refs = <module 'git.refs' from 'C:\\Users\\Lenovo\\anaconda3\\Lib\\site-packages\\git\\refs\\__init__.py'>       │                                                    │
│ │        remote = <module 'git.remote' from 'C:\\Users\\Lenovo\\anaconda3\\Lib\\site-packages\\git\\remote.py'>             │                                                    │
│ │          repo = <module 'git.repo' from 'C:\\Users\\Lenovo\\anaconda3\\Lib\\site-packages\\git\\repo\\__init__.py'>       │                                                    │
│ │      Sequence = typing.Sequence                                                                                           │                                                    │
│ │         Tuple = typing.Tuple                                                                                              │                                                    │
│ │ TYPE_CHECKING = False                                                                                                     │                                                    │
│ │         types = <module 'git.types' from 'C:\\Users\\Lenovo\\anaconda3\\Lib\\site-packages\\git\\types.py'>               │                                                    │
│ │         Union = typing.Union                                                                                              │                                                    │
│ │      warnings = <module 'warnings' from 'C:\\Users\\Lenovo\\anaconda3\\Lib\\warnings.py'>                                 │                                                    │
│ └───────────────────────────────────────────────────────────────────────────────────────────────────────────────────────────┘                                                    │
│                                                                                                                                                                                  │
│ C:\Users\Lenovo\anaconda3\Lib\site-packages\git\__init__.py:287 in refresh                                                                                                       │
│                                                                                                                                                                                  │
│   284 │   global GIT_OK                                                                        ┌── locals ───┐                                                                   │
│   285 │   GIT_OK = False                                                                       │ path = None │                                                                   │
│   286 │                                                                                        └─────────────┘                                                                   │
│ > 287 │   if not Git.refresh(path=path):                                                                                                                                         │
│   288 │   │   return                                                                                                                                                             │
│   289 │   if not FetchInfo.refresh():  # noqa: F405                                                                                                                              │
│   290 │   │   return  # type: ignore[unreachable]                                                                                                                                │
│                                                                                                                                                                                  │
│ C:\Users\Lenovo\anaconda3\Lib\site-packages\git\cmd.py:860 in refresh                                                                                                            │
│                                                                                                                                                                                  │
│    857 │   │   │   │   │   if mode in warn:                                                                                                                                      │
│    858 │   │   │   │   │   │   _logger.critical(err)                                                                                                                             │
│    859 │   │   │   │   │   else:                                                                                                                                                 │
│ >  860 │   │   │   │   │   │   raise ImportError(err)                                                                                                                            │
│    861 │   │   │   │   else:                                                                                                                                                     │
│    862 │   │   │   │   │   err = dedent(                                                                                                                                         │
│    863 │   │   │   │   │   │   """\                                                                                                                                              │
│                                                                                                                                                                                  │
│ ┌────────────────────────────────────────────────── locals ───────────────────────────────────────────────────┐                                                                  │
│ │               err = 'Bad git executable.\nThe git executable must be specified in one of the following'+633 │                                                                  │
│ │             error = ['error', 'e', 'exception', 'raise', 'r', '2']                                          │                                                                  │
│ │           has_git = False                                                                                   │                                                                  │
│ │              mode = 'raise'                                                                                 │                                                                  │
│ │           new_git = 'git'                                                                                   │                                                                  │
│ │           old_git = None                                                                                    │                                                                  │
│ │ old_refresh_token = <object object at 0x00000231B7751D40>                                                   │                                                                  │
│ │              path = None                                                                                    │                                                                  │
│ │             quiet = ['quiet', 'q', 'silence', 's', 'silent', 'none', 'n', '0']                              │                                                                  │
│ │              warn = ['warn', 'w', 'warning', 'log', 'l', '1']                                               │                                                                  │
│ └─────────────────────────────────────────────────────────────────────────────────────────────────────────────┘                                                                  │
└──────────────────────────────────────────────────────────────────────────────────────────────────────────────────────────────────────────────────────────────────────────────────┘
ImportError: Bad git executable.
The git executable must be specified in one of the following ways:
    - be included in your $PATH
    - be set via $GIT_PYTHON_GIT_EXECUTABLE
    - explicitly set via git.refresh(<full-path-to-git-executable>)

All git commands will error until this is rectified.

This initial message can be silenced or aggravated in the future by setting the
$GIT_PYTHON_REFRESH environment variable. Use one of the following values:
    - quiet|q|silence|s|silent|none|n|0: for no message or exception
    - warn|w|warning|log|l|1: for a warning message (logging level CRITICAL, displayed by default)
    - error|e|exception|raise|r|2: for a raised exception

Example:
    export GIT_PYTHON_REFRESH=quiet


The above exception was the direct cause of the following exception:

┌─────────────────────────────────────────────────────────────────────── Traceback (most recent call last) ────────────────────────────────────────────────────────────────────────┐
│ C:\Users\Lenovo\anaconda3\Lib\site-packages\briefcase\integrations\git.py:40 in verify_install                                                                                   │
│                                                                                                                                                                                  │
│   37 │   │                                                                                    ┌─────────────────────────────────── locals ────────────────────────────────────┐  │
│   38 │   │   # Check whether the git executable could be imported.                            │ kwargs = {'app': None}                                                        │  │
│   39 │   │   try:                                                                             │  tools = <briefcase.integrations.base.ToolCache object at 0x00000231BB606510> │  │
│ > 40 │   │   │   import git                                                                   └───────────────────────────────────────────────────────────────────────────────┘  │
│   41 │   │   except ImportError as e:  # pragma: no cover                                                                                                                        │
│   42 │   │   │   # macOS provides git as part of the Xcode command line tools,                                                                                                   │
│   43 │   │   │   # and also hijacks /usr/bin/git with a trigger that prompts the                                                                                                 │
│                                                                                                                                                                                  │
│ C:\Users\Lenovo\anaconda3\Lib\site-packages\git\__init__.py:298 in <module>                                                                                                      │
│                                                                                                                                                                                  │
│   295 try:                                                                                                                                                                       │
│   296 │   refresh()                                                                                                                                                              │
│   297 except Exception as _exc:                                                                                                                                                  │
│ > 298 │   raise ImportError("Failed to initialize: {0}".format(_exc)) from _exc                                                                                                  │
│   299                                                                                                                                                                            │
│   300 # } END initialize git executable path                                                                                                                                     │
│   301                                                                                                                                                                            │
│                                                                                                                                                                                  │
│ ┌───────────────────────────────────────────────────────── locals ──────────────────────────────────────────────────────────┐                                                    │
│ │           cmd = <module 'git.cmd' from 'C:\\Users\\Lenovo\\anaconda3\\Lib\\site-packages\\git\\cmd.py'>                   │                                                    │
│ │        compat = <module 'git.compat' from 'C:\\Users\\Lenovo\\anaconda3\\Lib\\site-packages\\git\\compat.py'>             │                                                    │
│ │        config = <module 'git.config' from 'C:\\Users\\Lenovo\\anaconda3\\Lib\\site-packages\\git\\config.py'>             │                                                    │
│ │            db = <module 'git.db' from 'C:\\Users\\Lenovo\\anaconda3\\Lib\\site-packages\\git\\db.py'>                     │                                                    │
│ │          diff = <module 'git.diff' from 'C:\\Users\\Lenovo\\anaconda3\\Lib\\site-packages\\git\\diff.py'>                 │                                                    │
│ │           exc = <module 'git.exc' from 'C:\\Users\\Lenovo\\anaconda3\\Lib\\site-packages\\git\\exc.py'>                   │                                                    │
│ │        GIT_OK = False                                                                                                     │                                                    │
│ │         INDEX = <DiffConstants.INDEX: 2>                                                                                  │                                                    │
│ │         index = <module 'git.index' from 'C:\\Users\\Lenovo\\anaconda3\\Lib\\site-packages\\git\\index\\__init__.py'>     │                                                    │
│ │          List = typing.List                                                                                               │                                                    │
│ │     NULL_TREE = <DiffConstants.NULL_TREE: 1>                                                                              │                                                    │
│ │       objects = <module 'git.objects' from 'C:\\Users\\Lenovo\\anaconda3\\Lib\\site-packages\\git\\objects\\__init__.py'> │                                                    │
│ │      Optional = typing.Optional                                                                                           │                                                    │
│ │      PathLike = typing.Union[str, ForwardRef('os.PathLike[str]')]                                                         │                                                    │
│ │          refs = <module 'git.refs' from 'C:\\Users\\Lenovo\\anaconda3\\Lib\\site-packages\\git\\refs\\__init__.py'>       │                                                    │
│ │        remote = <module 'git.remote' from 'C:\\Users\\Lenovo\\anaconda3\\Lib\\site-packages\\git\\remote.py'>             │                                                    │
│ │          repo = <module 'git.repo' from 'C:\\Users\\Lenovo\\anaconda3\\Lib\\site-packages\\git\\repo\\__init__.py'>       │                                                    │
│ │      Sequence = typing.Sequence                                                                                           │                                                    │
│ │         Tuple = typing.Tuple                                                                                              │                                                    │
│ │ TYPE_CHECKING = False                                                                                                     │                                                    │
│ │         types = <module 'git.types' from 'C:\\Users\\Lenovo\\anaconda3\\Lib\\site-packages\\git\\types.py'>               │                                                    │
│ │         Union = typing.Union                                                                                              │                                                    │
│ │      warnings = <module 'warnings' from 'C:\\Users\\Lenovo\\anaconda3\\Lib\\warnings.py'>                                 │                                                    │
│ └───────────────────────────────────────────────────────────────────────────────────────────────────────────────────────────┘                                                    │
└──────────────────────────────────────────────────────────────────────────────────────────────────────────────────────────────────────────────────────────────────────────────────┘
ImportError: Failed to initialize: Bad git executable.
The git executable must be specified in one of the following ways:
    - be included in your $PATH
    - be set via $GIT_PYTHON_GIT_EXECUTABLE
    - explicitly set via git.refresh(<full-path-to-git-executable>)

All git commands will error until this is rectified.

This initial message can be silenced or aggravated in the future by setting the
$GIT_PYTHON_REFRESH environment variable. Use one of the following values:
    - quiet|q|silence|s|silent|none|n|0: for no message or exception
    - warn|w|warning|log|l|1: for a warning message (logging level CRITICAL, displayed by default)
    - error|e|exception|raise|r|2: for a raised exception

Example:
    export GIT_PYTHON_REFRESH=quiet


The above exception was the direct cause of the following exception:

┌─────────────────────────────────────────────────────────────────────── Traceback (most recent call last) ────────────────────────────────────────────────────────────────────────┐
│ C:\Users\Lenovo\anaconda3\Lib\site-packages\briefcase\__main__.py:27 in main                                                                                                     │
│                                                                                                                                                                                  │
│   24 │   │   │   Path.cwd() / "pyproject.toml",                                                                                                                                  │
│   25 │   │   │   overrides=overrides,                                                                                                                                            │
│   26 │   │   )                                                                                                                                                                   │
│ > 27 │   │   command(**options)                                                                                                                                                  │
│   28 │   except HelpText as e:                                                                                                                                                   │
│   29 │   │   console.info()                                                                                                                                                      │
│   30 │   │   console.info(str(e))                                                                                                                                                │
│                                                                                                                                                                                  │
│ ┌─────────────────────────────────────────────────────────────────────────────────── locals ───────────────────────────────────────────────────────────────────────────────────┐ │
│ │       command = <briefcase.platforms.windows.app.WindowsAppCreateCommand object at 0x00000231BB605FD0>                                                                       │ │
│ │       console = <briefcase.console.Console object at 0x00000231B7F43620>                                                                                                     │ │
│ │             e = BriefcaseCommandError('Briefcase requires git, but it is not installed (or is not on your PATH). Visit:\n\n    https://git-scm.com/\n\nto download and       │ │
│ │                 install git manually.\n\nIf you have installed git recently and are still getting this error, you may\nneed to restart your terminal session.\n')            │ │
│ │ extra_cmdline = ['--no-input']                                                                                                                                               │ │
│ │       options = {}                                                                                                                                                           │ │
│ │     overrides = {}                                                                                                                                                           │ │
│ │        result = 200                                                                                                                                                          │ │
│ └──────────────────────────────────────────────────────────────────────────────────────────────────────────────────────────────────────────────────────────────────────────────┘ │
│                                                                                                                                                                                  │
│ C:\Users\Lenovo\anaconda3\Lib\site-packages\briefcase\commands\create.py:1027 in __call__                                                                                        │
│                                                                                                                                                                                  │
│   1024 │   ) -> dict | None:                                                                                                                                                     │
│   1025 │   │   # Confirm host compatibility, that all required tools are available,                                                                                              │
│   1026 │   │   # and that the app configuration is finalized.                                                                                                                    │
│ > 1027 │   │   self.finalize(app)                                                                                                                                                │
│   1028 │   │                                                                                                                                                                     │
│   1029 │   │   if app_name:                                                                                                                                                      │
│   1030 │   │   │   try:                                                                                                                                                          │
│                                                                                                                                                                                  │
│ ┌───────────────────────────────────────────── locals ──────────────────────────────────────────────┐                                                                            │
│ │      app = None                                                                                   │                                                                            │
│ │ app_name = None                                                                                   │                                                                            │
│ │  options = {}                                                                                     │                                                                            │
│ │     self = <briefcase.platforms.windows.app.WindowsAppCreateCommand object at 0x00000231BB605FD0> │                                                                            │
│ └───────────────────────────────────────────────────────────────────────────────────────────────────┘                                                                            │
│                                                                                                                                                                                  │
│ C:\Users\Lenovo\anaconda3\Lib\site-packages\briefcase\commands\base.py:719 in finalize                                                                                           │
│                                                                                                                                                                                  │
│    716 │   │   :param debugger_port: The port to use for the debugger                                                                                                            │
│    717 │   │   """                                                                                                                                                               │
│    718 │   │   self.verify_host()                                                                                                                                                │
│ >  719 │   │   self.verify_tools()                                                                                                                                               │
│    720 │   │                                                                                                                                                                     │
│    721 │   │   apps = self.apps.values() if app is None else [app]                                                                                                               │
│    722 │   │   for app in apps:                                                                                                                                                  │
│                                                                                                                                                                                  │
│ ┌──────────────────────────────────────────────── locals ────────────────────────────────────────────────┐                                                                       │
│ │           app = None                                                                                   │                                                                       │
│ │      debugger = None                                                                                   │                                                                       │
│ │ debugger_host = None                                                                                   │                                                                       │
│ │ debugger_port = None                                                                                   │                                                                       │
│ │          self = <briefcase.platforms.windows.app.WindowsAppCreateCommand object at 0x00000231BB605FD0> │                                                                       │
│ │     test_mode = False                                                                                  │                                                                       │
│ └────────────────────────────────────────────────────────────────────────────────────────────────────────┘                                                                       │
│                                                                                                                                                                                  │
│ C:\Users\Lenovo\anaconda3\Lib\site-packages\briefcase\commands\create.py:1012 in verify_tools                                                                                    │
│                                                                                                                                                                                  │
│   1009 │   │   Raises MissingToolException if a required system tool is missing.                                                                                                 │
│   1010 │   │   """                                                                                                                                                               │
│   1011 │   │   super().verify_tools()                                                                                                                                            │
│ > 1012 │   │   Git.verify(tools=self.tools)                                                                                                                                      │
│   1013 │                                                                                                                                                                         │
│   1014 │   def verify_app_tools(self, app: AppConfig):                                                                                                                           │
│   1015 │   │   """Verify that tools needed to run the command for this app exist."""                                                                                             │
│                                                                                                                                                                                  │
│ ┌─────────────────────────────────────────── locals ────────────────────────────────────────────┐                                                                                │
│ │ self = <briefcase.platforms.windows.app.WindowsAppCreateCommand object at 0x00000231BB605FD0> │                                                                                │
│ └───────────────────────────────────────────────────────────────────────────────────────────────┘                                                                                │
│                                                                                                                                                                                  │
│ C:\Users\Lenovo\anaconda3\Lib\site-packages\briefcase\integrations\base.py:79 in verify                                                                                          │
│                                                                                                                                                                                  │
│    76 │   ) -> ToolT:                                                                          ┌─────────────────────────────────── locals ────────────────────────────────────┐ │
│    77 │   │   """Confirm the tool is available and usable on the host platform."""             │    app = None                                                                 │ │
│    78 │   │   cls.verify_host(tools=tools)                                                     │ kwargs = {}                                                                   │ │
│ >  79 │   │   tool = cls.verify_install(tools=tools, app=app, **kwargs)                        │  tools = <briefcase.integrations.base.ToolCache object at 0x00000231BB606510> │ │
│    80 │   │   return tool                                                                      └───────────────────────────────────────────────────────────────────────────────┘ │
│    81 │                                                                                                                                                                          │
│    82 │   @classmethod                                                                                                                                                           │
│                                                                                                                                                                                  │
│ C:\Users\Lenovo\anaconda3\Lib\site-packages\briefcase\integrations\git.py:65 in verify_install                                                                                   │
│                                                                                                                                                                                  │
│   62 │   │   │   │   ) from e                                                                 ┌─────────────────────────────────── locals ────────────────────────────────────┐  │
│   63 │   │   │                                                                                │ kwargs = {'app': None}                                                        │  │
│   64 │   │   │   else:                                                                        │  tools = <briefcase.integrations.base.ToolCache object at 0x00000231BB606510> │  │
│ > 65 │   │   │   │   raise BriefcaseCommandError(                                             └───────────────────────────────────────────────────────────────────────────────┘  │
│   66 │   │   │   │   │   f"""\                                                                                                                                                   │
│   67 Briefcase requires git, but it is not installed (or is not on your PATH). Visit:                                                                                            │
│   68                                                                                                                                                                             │
└──────────────────────────────────────────────────────────────────────────────────────────────────────────────────────────────────────────────────────────────────────────────────┘
BriefcaseCommandError: Briefcase requires git, but it is not installed (or is not on your PATH). Visit:

    https://git-scm.com/

to download and install git manually.

If you have installed git recently and are still getting this error, you may
need to restart your terminal session.

